[WARNING] Disabling enhanced local repository: using legacy is strongly discouraged to ensure build reproducibility.
[INFO] Scanning for projects...
[INFO] 
[INFO] Using the builder org.apache.maven.lifecycle.internal.builder.singlethreaded.SingleThreadedBuilder with a thread count of 1
[INFO]                                                                         
[INFO] ------------------------------------------------------------------------
[INFO] Building LOCAL_PROJECT Load_Profile_Risk_History_Wrapper-0.1.0 (0.1,Job Designs) 0.1.0
[INFO] ------------------------------------------------------------------------
[WARNING] The POM for com.google.auto:auto-common:jar:0.3 is missing, no dependency information available
[WARNING] The POM for com.google.auto.service:auto-service:jar:1.0-rc2 is missing, no dependency information available
[WARNING] The POM for org.apache.avro:avro:jar:1.8.1 is missing, no dependency information available
[WARNING] The POM for org.apache.commons:commons-compress:jar:1.8.1 is missing, no dependency information available
[WARNING] The POM for org.apache.commons:commons-lang3:jar:3.4 is missing, no dependency information available
[WARNING] The POM for org.talend.components:components-api:jar:0.23.1 is missing, no dependency information available
[WARNING] The POM for org.talend.components:components-common:jar:0.23.1 is missing, no dependency information available
[WARNING] The POM for org.talend.components:components-jdbc-definition:jar:0.23.1 is missing, no dependency information available
[WARNING] The POM for org.talend.components:components-jdbc-runtime:jar:0.23.1 is missing, no dependency information available
[WARNING] The POM for org.talend.daikon:daikon:jar:0.23.0 is missing, no dependency information available
[WARNING] The POM for com.google.guava:guava:jar:19.0 is missing, no dependency information available
[WARNING] The POM for com.fasterxml.jackson.core:jackson-annotations:jar:2.9.0 is missing, no dependency information available
[WARNING] The POM for com.fasterxml.jackson.core:jackson-core:jar:2.9.4 is missing, no dependency information available
[WARNING] The POM for org.codehaus.jackson:jackson-core-asl:jar:1.9.14-TALEND is missing, no dependency information available
[WARNING] The POM for com.fasterxml.jackson.core:jackson-databind:jar:2.9.4 is missing, no dependency information available
[WARNING] The POM for org.codehaus.jackson:jackson-mapper-asl:jar:1.9.14-TALEND is missing, no dependency information available
[WARNING] The POM for net.sourceforge.javacsv:javacsv:jar:2.0 is missing, no dependency information available
[WARNING] The POM for javax.servlet:javax.servlet-api:jar:3.1.0 is missing, no dependency information available
[WARNING] The POM for org.slf4j:jcl-over-slf4j:jar:1.6.6 is missing, no dependency information available
[WARNING] The POM for joda-time:joda-time:jar:2.8.2 is missing, no dependency information available
[WARNING] The POM for com.cedarsoftware:json-io:jar:4.9.9-TALEND is missing, no dependency information available
[WARNING] The POM for com.thoughtworks.paranamer:paranamer:jar:2.7 is missing, no dependency information available
[WARNING] The POM for org.ops4j.pax.url:pax-url-aether:jar:2.4.7 is missing, no dependency information available
[WARNING] The POM for org.slf4j:slf4j-api:jar:1.7.12 is missing, no dependency information available
[WARNING] The POM for org.xerial.snappy:snappy-java:jar:1.1.1.3 is missing, no dependency information available
[INFO] 
[INFO] --- maven-resources-plugin:3.0.2:resources (default-resources) @ Load_Profile_Risk_History_Wrapper ---
[WARNING] Using platform encoding (UTF-8 actually) to copy filtered resources, i.e. build is platform dependent!
[INFO] Copying 0 resource
[INFO] 
[INFO] --- maven-compiler-plugin:3.6.1:compile (default-compile) @ Load_Profile_Risk_History_Wrapper ---
[INFO] Not compiling main sources
[INFO] 
[INFO] --- maven-resources-plugin:3.0.2:testResources (default-testResources) @ Load_Profile_Risk_History_Wrapper ---
[INFO] Not copying test resources
[INFO] 
[INFO] --- maven-compiler-plugin:3.6.1:testCompile (default-testCompile) @ Load_Profile_Risk_History_Wrapper ---
[INFO] Not compiling test sources
[INFO] 
[INFO] --- maven-surefire-plugin:2.20:test (default-test) @ Load_Profile_Risk_History_Wrapper ---
[INFO] Tests are skipped.
[INFO] 
[INFO] --- maven-jar-plugin:3.0.2:jar (default-jar) @ Load_Profile_Risk_History_Wrapper ---
[INFO] Building jar: D:\1BITEAM\TOS_BD-20180411_1414-V7.0.1\TOS_BD-20180411_1414-V7.0.1\workspace\LOCAL_PROJECT\poms\jobs\process\WrapperJob\load_profile_risk_history_wrapper_0.1\target\load_profile_risk_history_wrapper_0_1.jar
[INFO] 
[INFO] --- maven-assembly-plugin:3.0.0:single (default) @ Load_Profile_Risk_History_Wrapper ---
[INFO] Reading assembly descriptor: D:\1BITEAM\TOS_BD-20180411_1414-V7.0.1\TOS_BD-20180411_1414-V7.0.1\workspace\LOCAL_PROJECT\poms\jobs\process\WrapperJob\load_profile_risk_history_wrapper_0.1/src/main/assemblies/assembly.xml
[WARNING] Missing POM for com.google.auto:auto-common:jar:0.3
[WARNING] Missing POM for com.google.auto.service:auto-service:jar:1.0-rc2
[WARNING] Missing POM for org.apache.avro:avro:jar:1.8.1
[WARNING] Missing POM for org.apache.commons:commons-compress:jar:1.8.1
[WARNING] Missing POM for org.apache.commons:commons-lang3:jar:3.4
[WARNING] Missing POM for org.talend.components:components-api:jar:0.23.1
[WARNING] Missing POM for org.talend.components:components-common:jar:0.23.1
[WARNING] Missing POM for org.talend.components:components-jdbc-definition:jar:0.23.1
[WARNING] Missing POM for org.talend.components:components-jdbc-runtime:jar:0.23.1
[WARNING] Missing POM for org.talend.daikon:daikon:jar:0.23.0
[WARNING] Missing POM for com.google.guava:guava:jar:19.0
[WARNING] Missing POM for com.fasterxml.jackson.core:jackson-annotations:jar:2.9.0
[WARNING] Missing POM for com.fasterxml.jackson.core:jackson-core:jar:2.9.4
[WARNING] Missing POM for org.codehaus.jackson:jackson-core-asl:jar:1.9.14-TALEND
[WARNING] Missing POM for com.fasterxml.jackson.core:jackson-databind:jar:2.9.4
[WARNING] Missing POM for org.codehaus.jackson:jackson-mapper-asl:jar:1.9.14-TALEND
[WARNING] Missing POM for net.sourceforge.javacsv:javacsv:jar:2.0
[WARNING] Missing POM for javax.servlet:javax.servlet-api:jar:3.1.0
[WARNING] Missing POM for org.slf4j:jcl-over-slf4j:jar:1.6.6
[WARNING] Missing POM for joda-time:joda-time:jar:2.8.2
[WARNING] Missing POM for com.cedarsoftware:json-io:jar:4.9.9-TALEND
[WARNING] Missing POM for com.thoughtworks.paranamer:paranamer:jar:2.7
[WARNING] Missing POM for org.ops4j.pax.url:pax-url-aether:jar:2.4.7
[WARNING] Missing POM for org.slf4j:slf4j-api:jar:1.7.12
[WARNING] Missing POM for org.xerial.snappy:snappy-java:jar:1.1.1.3
[INFO] Building zip: D:\1BITEAM\TOS_BD-20180411_1414-V7.0.1\TOS_BD-20180411_1414-V7.0.1\workspace\LOCAL_PROJECT\poms\jobs\process\WrapperJob\load_profile_risk_history_wrapper_0.1\target\load_profile_risk_history_wrapper_0_1.zip
[INFO] ------------------------------------------------------------------------
[INFO] BUILD SUCCESS
[INFO] ------------------------------------------------------------------------
[INFO] Total time: 01:19 min
[INFO] Finished at: 2018-06-27T12:46:14+05:30
[INFO] Final Memory: 10M/139M
[INFO] ------------------------------------------------------------------------
