[WARNING] Disabling enhanced local repository: using legacy is strongly discouraged to ensure build reproducibility.
[INFO] Scanning for projects...
[INFO] 
[INFO] Using the builder org.apache.maven.lifecycle.internal.builder.singlethreaded.SingleThreadedBuilder with a thread count of 1
[INFO]                                                                         
[INFO] ------------------------------------------------------------------------
[INFO] Building LOCAL_PROJECT Contextload-0.1.0 (0.1,Job Designs) 0.1.0
[INFO] ------------------------------------------------------------------------
[INFO] 
[INFO] --- maven-resources-plugin:3.0.2:resources (default-resources) @ Contextload ---
[WARNING] Using platform encoding (UTF-8 actually) to copy filtered resources, i.e. build is platform dependent!
[INFO] Copying 1 resource
[INFO] 
[INFO] --- maven-compiler-plugin:3.6.1:compile (default-compile) @ Contextload ---
[INFO] Not compiling main sources
[INFO] 
[INFO] --- maven-resources-plugin:3.0.2:testResources (default-testResources) @ Contextload ---
[INFO] Not copying test resources
[INFO] 
[INFO] --- maven-compiler-plugin:3.6.1:testCompile (default-testCompile) @ Contextload ---
[INFO] Not compiling test sources
[INFO] 
[INFO] --- maven-surefire-plugin:2.20:test (default-test) @ Contextload ---
[INFO] Tests are skipped.
[INFO] 
[INFO] --- maven-jar-plugin:3.0.2:jar (default-jar) @ Contextload ---
[INFO] Building jar: D:\1BITEAM\TOS_BD-20180411_1414-V7.0.1\TOS_BD-20180411_1414-V7.0.1\workspace\LOCAL_PROJECT\poms\jobs\process\contextload_0.1\target\contextload_0_1.jar
[INFO] 
[INFO] --- maven-assembly-plugin:3.0.0:single (default) @ Contextload ---
[INFO] Reading assembly descriptor: D:\1BITEAM\TOS_BD-20180411_1414-V7.0.1\TOS_BD-20180411_1414-V7.0.1\workspace\LOCAL_PROJECT\poms\jobs\process\contextload_0.1/src/main/assemblies/assembly.xml
[WARNING] The following patterns were never triggered in this artifact inclusion filter:
o  'null:null'

[INFO] Building zip: D:\1BITEAM\TOS_BD-20180411_1414-V7.0.1\TOS_BD-20180411_1414-V7.0.1\workspace\LOCAL_PROJECT\poms\jobs\process\contextload_0.1\target\contextload_0_1.zip
[INFO] ------------------------------------------------------------------------
[INFO] BUILD SUCCESS
[INFO] ------------------------------------------------------------------------
[INFO] Total time: 56.734 s
[INFO] Finished at: 2018-06-21T17:14:37+05:30
[INFO] Final Memory: 10M/127M
[INFO] ------------------------------------------------------------------------
